{"C:\\Software Dev\\Web Apps\\Bomdisoft\\Apps\\ERR\\renderers\\codeBoxOutput\\index.jsx": {"path":"C:\\Software Dev\\Web Apps\\Bomdisoft\\Apps\\ERR\\renderers\\codeBoxOutput\\index.jsx","statementMap":{"0":{"start":{"line":18,"column":4},"end":{"line":18,"column":17}},"1":{"start":{"line":20,"column":4},"end":{"line":20,"column":41}},"2":{"start":{"line":21,"column":4},"end":{"line":21,"column":49}},"3":{"start":{"line":25,"column":26},"end":{"line":25,"column":36}},"4":{"start":{"line":27,"column":4},"end":{"line":31,"column":5}},"5":{"start":{"line":28,"column":6},"end":{"line":28,"column":51}},"6":{"start":{"line":29,"column":6},"end":{"line":29,"column":44}},"7":{"start":{"line":30,"column":6},"end":{"line":30,"column":28}},"8":{"start":{"line":34,"column":19},"end":{"line":37,"column":3}},"9":{"start":{"line":35,"column":4},"end":{"line":36,"column":46}},"10":{"start":{"line":35,"column":37},"end":{"line":35,"column":83}},"11":{"start":{"line":36,"column":9},"end":{"line":36,"column":46}},"12":{"start":{"line":39,"column":35},"end":{"line":57,"column":3}},"13":{"start":{"line":40,"column":33},"end":{"line":40,"column":116}},"14":{"start":{"line":41,"column":38},"end":{"line":41,"column":73}},"15":{"start":{"line":42,"column":28},"end":{"line":42,"column":33}},"16":{"start":{"line":44,"column":4},"end":{"line":49,"column":5}},"17":{"start":{"line":44,"column":17},"end":{"line":44,"column":18}},"18":{"start":{"line":45,"column":6},"end":{"line":48,"column":7}},"19":{"start":{"line":46,"column":8},"end":{"line":46,"column":33}},"20":{"start":{"line":47,"column":8},"end":{"line":47,"column":14}},"21":{"start":{"line":50,"column":4},"end":{"line":56,"column":5}},"22":{"start":{"line":51,"column":21},"end":{"line":51,"column":53}},"23":{"start":{"line":52,"column":19},"end":{"line":52,"column":49}},"24":{"start":{"line":53,"column":6},"end":{"line":53,"column":55}},"25":{"start":{"line":55,"column":6},"end":{"line":55,"column":41}},"26":{"start":{"line":55,"column":16},"end":{"line":55,"column":41}},"27":{"start":{"line":59,"column":32},"end":{"line":79,"column":3}},"28":{"start":{"line":60,"column":4},"end":{"line":60,"column":76}},"29":{"start":{"line":60,"column":69},"end":{"line":60,"column":76}},"30":{"start":{"line":62,"column":35},"end":{"line":62,"column":68}},"31":{"start":{"line":63,"column":28},"end":{"line":63,"column":33}},"32":{"start":{"line":65,"column":4},"end":{"line":70,"column":5}},"33":{"start":{"line":65,"column":17},"end":{"line":65,"column":18}},"34":{"start":{"line":66,"column":6},"end":{"line":69,"column":7}},"35":{"start":{"line":67,"column":8},"end":{"line":67,"column":33}},"36":{"start":{"line":68,"column":8},"end":{"line":68,"column":14}},"37":{"start":{"line":71,"column":4},"end":{"line":78,"column":5}},"38":{"start":{"line":72,"column":19},"end":{"line":72,"column":49}},"39":{"start":{"line":73,"column":19},"end":{"line":73,"column":49}},"40":{"start":{"line":74,"column":6},"end":{"line":74,"column":45}},"41":{"start":{"line":75,"column":6},"end":{"line":75,"column":51}},"42":{"start":{"line":77,"column":6},"end":{"line":77,"column":39}},"43":{"start":{"line":77,"column":16},"end":{"line":77,"column":39}},"44":{"start":{"line":82,"column":26},"end":{"line":82,"column":36}},"45":{"start":{"line":83,"column":4},"end":{"line":83,"column":25}},"46":{"start":{"line":83,"column":15},"end":{"line":83,"column":25}},"47":{"start":{"line":84,"column":4},"end":{"line":84,"column":56}},"48":{"start":{"line":84,"column":45},"end":{"line":84,"column":56}},"49":{"start":{"line":86,"column":4},"end":{"line":88,"column":7}},"50":{"start":{"line":87,"column":6},"end":{"line":87,"column":97}},"51":{"start":{"line":87,"column":73},"end":{"line":87,"column":97}},"52":{"start":{"line":90,"column":18},"end":{"line":90,"column":22}},"53":{"start":{"line":91,"column":19},"end":{"line":91,"column":23}},"54":{"start":{"line":93,"column":4},"end":{"line":97,"column":5}},"55":{"start":{"line":93,"column":34},"end":{"line":93,"column":49}},"56":{"start":{"line":94,"column":9},"end":{"line":97,"column":5}},"57":{"start":{"line":95,"column":6},"end":{"line":95,"column":74}},"58":{"start":{"line":95,"column":54},"end":{"line":95,"column":74}},"59":{"start":{"line":96,"column":6},"end":{"line":96,"column":87}},"60":{"start":{"line":96,"column":62},"end":{"line":96,"column":87}},"61":{"start":{"line":99,"column":4},"end":{"line":99,"column":28}},"62":{"start":{"line":99,"column":18},"end":{"line":99,"column":28}},"63":{"start":{"line":100,"column":4},"end":{"line":104,"column":6}},"64":{"start":{"line":108,"column":0},"end":{"line":111,"column":2}},"65":{"start":{"line":113,"column":0},"end":{"line":116,"column":2}}},"fnMap":{"0":{"name":"(anonymous_0)","decl":{"start":{"line":17,"column":2},"end":{"line":17,"column":3}},"loc":{"start":{"line":17,"column":20},"end":{"line":22,"column":3}},"line":17},"1":{"name":"(anonymous_1)","decl":{"start":{"line":24,"column":2},"end":{"line":24,"column":3}},"loc":{"start":{"line":24,"column":21},"end":{"line":32,"column":3}},"line":24},"2":{"name":"(anonymous_2)","decl":{"start":{"line":34,"column":19},"end":{"line":34,"column":20}},"loc":{"start":{"line":34,"column":25},"end":{"line":37,"column":3}},"line":34},"3":{"name":"(anonymous_3)","decl":{"start":{"line":39,"column":35},"end":{"line":39,"column":36}},"loc":{"start":{"line":39,"column":41},"end":{"line":57,"column":3}},"line":39},"4":{"name":"(anonymous_4)","decl":{"start":{"line":59,"column":32},"end":{"line":59,"column":33}},"loc":{"start":{"line":59,"column":53},"end":{"line":79,"column":3}},"line":59},"5":{"name":"(anonymous_5)","decl":{"start":{"line":81,"column":2},"end":{"line":81,"column":3}},"loc":{"start":{"line":81,"column":10},"end":{"line":105,"column":3}},"line":81},"6":{"name":"(anonymous_6)","decl":{"start":{"line":86,"column":33},"end":{"line":86,"column":34}},"loc":{"start":{"line":86,"column":48},"end":{"line":88,"column":5}},"line":86}},"branchMap":{"0":{"loc":{"start":{"line":27,"column":4},"end":{"line":31,"column":5}},"type":"if","locations":[{"start":{"line":27,"column":4},"end":{"line":31,"column":5}},{"start":{"line":27,"column":4},"end":{"line":31,"column":5}}],"line":27},"1":{"loc":{"start":{"line":27,"column":8},"end":{"line":27,"column":54}},"type":"binary-expr","locations":[{"start":{"line":27,"column":8},"end":{"line":27,"column":12}},{"start":{"line":27,"column":16},"end":{"line":27,"column":26}},{"start":{"line":27,"column":30},"end":{"line":27,"column":54}}],"line":27},"2":{"loc":{"start":{"line":35,"column":4},"end":{"line":36,"column":46}},"type":"if","locations":[{"start":{"line":35,"column":4},"end":{"line":36,"column":46}},{"start":{"line":35,"column":4},"end":{"line":36,"column":46}}],"line":35},"3":{"loc":{"start":{"line":45,"column":6},"end":{"line":48,"column":7}},"type":"if","locations":[{"start":{"line":45,"column":6},"end":{"line":48,"column":7}},{"start":{"line":45,"column":6},"end":{"line":48,"column":7}}],"line":45},"4":{"loc":{"start":{"line":50,"column":4},"end":{"line":56,"column":5}},"type":"if","locations":[{"start":{"line":50,"column":4},"end":{"line":56,"column":5}},{"start":{"line":50,"column":4},"end":{"line":56,"column":5}}],"line":50},"5":{"loc":{"start":{"line":55,"column":6},"end":{"line":55,"column":41}},"type":"if","locations":[{"start":{"line":55,"column":6},"end":{"line":55,"column":41}},{"start":{"line":55,"column":6},"end":{"line":55,"column":41}}],"line":55},"6":{"loc":{"start":{"line":60,"column":4},"end":{"line":60,"column":76}},"type":"if","locations":[{"start":{"line":60,"column":4},"end":{"line":60,"column":76}},{"start":{"line":60,"column":4},"end":{"line":60,"column":76}}],"line":60},"7":{"loc":{"start":{"line":60,"column":8},"end":{"line":60,"column":67}},"type":"binary-expr","locations":[{"start":{"line":60,"column":8},"end":{"line":60,"column":26}},{"start":{"line":60,"column":30},"end":{"line":60,"column":67}}],"line":60},"8":{"loc":{"start":{"line":66,"column":6},"end":{"line":69,"column":7}},"type":"if","locations":[{"start":{"line":66,"column":6},"end":{"line":69,"column":7}},{"start":{"line":66,"column":6},"end":{"line":69,"column":7}}],"line":66},"9":{"loc":{"start":{"line":71,"column":4},"end":{"line":78,"column":5}},"type":"if","locations":[{"start":{"line":71,"column":4},"end":{"line":78,"column":5}},{"start":{"line":71,"column":4},"end":{"line":78,"column":5}}],"line":71},"10":{"loc":{"start":{"line":77,"column":6},"end":{"line":77,"column":39}},"type":"if","locations":[{"start":{"line":77,"column":6},"end":{"line":77,"column":39}},{"start":{"line":77,"column":6},"end":{"line":77,"column":39}}],"line":77},"11":{"loc":{"start":{"line":83,"column":4},"end":{"line":83,"column":25}},"type":"if","locations":[{"start":{"line":83,"column":4},"end":{"line":83,"column":25}},{"start":{"line":83,"column":4},"end":{"line":83,"column":25}}],"line":83},"12":{"loc":{"start":{"line":84,"column":4},"end":{"line":84,"column":56}},"type":"if","locations":[{"start":{"line":84,"column":4},"end":{"line":84,"column":56}},{"start":{"line":84,"column":4},"end":{"line":84,"column":56}}],"line":84},"13":{"loc":{"start":{"line":84,"column":8},"end":{"line":84,"column":43}},"type":"binary-expr","locations":[{"start":{"line":84,"column":8},"end":{"line":84,"column":14}},{"start":{"line":84,"column":18},"end":{"line":84,"column":43}}],"line":84},"14":{"loc":{"start":{"line":87,"column":6},"end":{"line":87,"column":97}},"type":"if","locations":[{"start":{"line":87,"column":6},"end":{"line":87,"column":97}},{"start":{"line":87,"column":6},"end":{"line":87,"column":97}}],"line":87},"15":{"loc":{"start":{"line":87,"column":10},"end":{"line":87,"column":71}},"type":"binary-expr","locations":[{"start":{"line":87,"column":10},"end":{"line":87,"column":29}},{"start":{"line":87,"column":33},"end":{"line":87,"column":71}}],"line":87},"16":{"loc":{"start":{"line":93,"column":4},"end":{"line":97,"column":5}},"type":"if","locations":[{"start":{"line":93,"column":4},"end":{"line":97,"column":5}},{"start":{"line":93,"column":4},"end":{"line":97,"column":5}}],"line":93},"17":{"loc":{"start":{"line":94,"column":9},"end":{"line":97,"column":5}},"type":"if","locations":[{"start":{"line":94,"column":9},"end":{"line":97,"column":5}},{"start":{"line":94,"column":9},"end":{"line":97,"column":5}}],"line":94},"18":{"loc":{"start":{"line":95,"column":6},"end":{"line":95,"column":74}},"type":"if","locations":[{"start":{"line":95,"column":6},"end":{"line":95,"column":74}},{"start":{"line":95,"column":6},"end":{"line":95,"column":74}}],"line":95},"19":{"loc":{"start":{"line":95,"column":10},"end":{"line":95,"column":52}},"type":"binary-expr","locations":[{"start":{"line":95,"column":10},"end":{"line":95,"column":19}},{"start":{"line":95,"column":23},"end":{"line":95,"column":52}}],"line":95},"20":{"loc":{"start":{"line":96,"column":6},"end":{"line":96,"column":87}},"type":"if","locations":[{"start":{"line":96,"column":6},"end":{"line":96,"column":87}},{"start":{"line":96,"column":6},"end":{"line":96,"column":87}}],"line":96},"21":{"loc":{"start":{"line":96,"column":10},"end":{"line":96,"column":60}},"type":"binary-expr","locations":[{"start":{"line":96,"column":10},"end":{"line":96,"column":23}},{"start":{"line":96,"column":27},"end":{"line":96,"column":60}}],"line":96},"22":{"loc":{"start":{"line":99,"column":4},"end":{"line":99,"column":28}},"type":"if","locations":[{"start":{"line":99,"column":4},"end":{"line":99,"column":28}},{"start":{"line":99,"column":4},"end":{"line":99,"column":28}}],"line":99}},"s":{"0":1,"1":1,"2":1,"3":1,"4":1,"5":0,"6":0,"7":0,"8":1,"9":0,"10":0,"11":0,"12":1,"13":0,"14":0,"15":0,"16":0,"17":0,"18":0,"19":0,"20":0,"21":0,"22":0,"23":0,"24":0,"25":0,"26":0,"27":1,"28":0,"29":0,"30":0,"31":0,"32":0,"33":0,"34":0,"35":0,"36":0,"37":0,"38":0,"39":0,"40":0,"41":0,"42":0,"43":0,"44":1,"45":1,"46":0,"47":1,"48":1,"49":1,"50":2,"51":2,"52":1,"53":1,"54":1,"55":0,"56":1,"57":1,"58":0,"59":1,"60":0,"61":1,"62":1,"63":0,"64":2,"65":2},"f":{"0":1,"1":1,"2":0,"3":0,"4":0,"5":1,"6":2},"b":{"0":[0,1],"1":[1,1,0],"2":[0,0],"3":[0,0],"4":[0,0],"5":[0,0],"6":[0,0],"7":[0,0],"8":[0,0],"9":[0,0],"10":[0,0],"11":[0,1],"12":[1,0],"13":[1,0],"14":[2,0],"15":[2,0],"16":[0,1],"17":[1,0],"18":[0,1],"19":[1,0],"20":[0,1],"21":[1,0],"22":[1,0]},"_coverageSchema":"43e27e138ebf9cfc5966b082cf9a028302ed4184","hash":"0e939a1c4ab1def9ee18cf7e1fef484e0b6665a2"}
,"C:\\Software Dev\\Web Apps\\Bomdisoft\\Apps\\ERR\\renderers\\delimiterOutput\\index.jsx": {"path":"C:\\Software Dev\\Web Apps\\Bomdisoft\\Apps\\ERR\\renderers\\delimiterOutput\\index.jsx","statementMap":{"0":{"start":{"line":18,"column":24},"end":{"line":18,"column":52}},"1":{"start":{"line":20,"column":24},"end":{"line":58,"column":1}},"2":{"start":{"line":21,"column":2},"end":{"line":21,"column":54}},"3":{"start":{"line":21,"column":43},"end":{"line":21,"column":54}},"4":{"start":{"line":23,"column":2},"end":{"line":25,"column":5}},"5":{"start":{"line":24,"column":4},"end":{"line":24,"column":95}},"6":{"start":{"line":24,"column":71},"end":{"line":24,"column":95}},"7":{"start":{"line":27,"column":2},"end":{"line":57,"column":4}}},"fnMap":{"0":{"name":"(anonymous_0)","decl":{"start":{"line":20,"column":24},"end":{"line":20,"column":25}},"loc":{"start":{"line":20,"column":39},"end":{"line":58,"column":1}},"line":20},"1":{"name":"(anonymous_1)","decl":{"start":{"line":23,"column":26},"end":{"line":23,"column":27}},"loc":{"start":{"line":23,"column":41},"end":{"line":25,"column":3}},"line":23}},"branchMap":{"0":{"loc":{"start":{"line":21,"column":2},"end":{"line":21,"column":54}},"type":"if","locations":[{"start":{"line":21,"column":2},"end":{"line":21,"column":54}},{"start":{"line":21,"column":2},"end":{"line":21,"column":54}}],"line":21},"1":{"loc":{"start":{"line":21,"column":6},"end":{"line":21,"column":41}},"type":"binary-expr","locations":[{"start":{"line":21,"column":6},"end":{"line":21,"column":12}},{"start":{"line":21,"column":16},"end":{"line":21,"column":41}}],"line":21},"2":{"loc":{"start":{"line":24,"column":4},"end":{"line":24,"column":95}},"type":"if","locations":[{"start":{"line":24,"column":4},"end":{"line":24,"column":95}},{"start":{"line":24,"column":4},"end":{"line":24,"column":95}}],"line":24},"3":{"loc":{"start":{"line":24,"column":8},"end":{"line":24,"column":69}},"type":"binary-expr","locations":[{"start":{"line":24,"column":8},"end":{"line":24,"column":27}},{"start":{"line":24,"column":31},"end":{"line":24,"column":69}}],"line":24}},"s":{"0":2,"1":2,"2":1,"3":1,"4":1,"5":3,"6":3,"7":1},"f":{"0":1,"1":3},"b":{"0":[1,0],"1":[1,0],"2":[3,0],"3":[3,0]},"_coverageSchema":"43e27e138ebf9cfc5966b082cf9a028302ed4184","hash":"32c563bb1fa9329c2f5f0ff5edac6524696380c7"}
,"C:\\Software Dev\\Web Apps\\Bomdisoft\\Apps\\ERR\\renderers\\headerOutput\\index.jsx": {"path":"C:\\Software Dev\\Web Apps\\Bomdisoft\\Apps\\ERR\\renderers\\headerOutput\\index.jsx","statementMap":{"0":{"start":{"line":18,"column":21},"end":{"line":42,"column":1}},"1":{"start":{"line":19,"column":2},"end":{"line":19,"column":23}},"2":{"start":{"line":19,"column":13},"end":{"line":19,"column":23}},"3":{"start":{"line":20,"column":2},"end":{"line":20,"column":54}},"4":{"start":{"line":20,"column":43},"end":{"line":20,"column":54}},"5":{"start":{"line":22,"column":22},"end":{"line":22,"column":56}},"6":{"start":{"line":23,"column":16},"end":{"line":23,"column":20}},"7":{"start":{"line":25,"column":2},"end":{"line":26,"column":103}},"8":{"start":{"line":25,"column":32},"end":{"line":25,"column":47}},"9":{"start":{"line":26,"column":7},"end":{"line":26,"column":103}},"10":{"start":{"line":26,"column":83},"end":{"line":26,"column":103}},"11":{"start":{"line":28,"column":2},"end":{"line":28,"column":26}},"12":{"start":{"line":28,"column":16},"end":{"line":28,"column":26}},"13":{"start":{"line":29,"column":2},"end":{"line":39,"column":3}},"14":{"start":{"line":30,"column":4},"end":{"line":38,"column":5}},"15":{"start":{"line":31,"column":14},"end":{"line":31,"column":81}},"16":{"start":{"line":32,"column":14},"end":{"line":32,"column":81}},"17":{"start":{"line":33,"column":14},"end":{"line":33,"column":81}},"18":{"start":{"line":34,"column":14},"end":{"line":34,"column":81}},"19":{"start":{"line":35,"column":14},"end":{"line":35,"column":81}},"20":{"start":{"line":36,"column":14},"end":{"line":36,"column":81}},"21":{"start":{"line":37,"column":15},"end":{"line":37,"column":82}},"22":{"start":{"line":41,"column":2},"end":{"line":41,"column":69}}},"fnMap":{"0":{"name":"(anonymous_0)","decl":{"start":{"line":18,"column":21},"end":{"line":18,"column":22}},"loc":{"start":{"line":18,"column":42},"end":{"line":42,"column":1}},"line":18}},"branchMap":{"0":{"loc":{"start":{"line":19,"column":2},"end":{"line":19,"column":23}},"type":"if","locations":[{"start":{"line":19,"column":2},"end":{"line":19,"column":23}},{"start":{"line":19,"column":2},"end":{"line":19,"column":23}}],"line":19},"1":{"loc":{"start":{"line":20,"column":2},"end":{"line":20,"column":54}},"type":"if","locations":[{"start":{"line":20,"column":2},"end":{"line":20,"column":54}},{"start":{"line":20,"column":2},"end":{"line":20,"column":54}}],"line":20},"2":{"loc":{"start":{"line":20,"column":6},"end":{"line":20,"column":41}},"type":"binary-expr","locations":[{"start":{"line":20,"column":6},"end":{"line":20,"column":12}},{"start":{"line":20,"column":16},"end":{"line":20,"column":41}}],"line":20},"3":{"loc":{"start":{"line":25,"column":2},"end":{"line":26,"column":103}},"type":"if","locations":[{"start":{"line":25,"column":2},"end":{"line":26,"column":103}},{"start":{"line":25,"column":2},"end":{"line":26,"column":103}}],"line":25},"4":{"loc":{"start":{"line":26,"column":7},"end":{"line":26,"column":103}},"type":"if","locations":[{"start":{"line":26,"column":7},"end":{"line":26,"column":103}},{"start":{"line":26,"column":7},"end":{"line":26,"column":103}}],"line":26},"5":{"loc":{"start":{"line":26,"column":11},"end":{"line":26,"column":81}},"type":"binary-expr","locations":[{"start":{"line":26,"column":11},"end":{"line":26,"column":35}},{"start":{"line":26,"column":39},"end":{"line":26,"column":48}},{"start":{"line":26,"column":52},"end":{"line":26,"column":81}}],"line":26},"6":{"loc":{"start":{"line":28,"column":2},"end":{"line":28,"column":26}},"type":"if","locations":[{"start":{"line":28,"column":2},"end":{"line":28,"column":26}},{"start":{"line":28,"column":2},"end":{"line":28,"column":26}}],"line":28},"7":{"loc":{"start":{"line":29,"column":2},"end":{"line":39,"column":3}},"type":"if","locations":[{"start":{"line":29,"column":2},"end":{"line":39,"column":3}},{"start":{"line":29,"column":2},"end":{"line":39,"column":3}}],"line":29},"8":{"loc":{"start":{"line":29,"column":6},"end":{"line":29,"column":78}},"type":"binary-expr","locations":[{"start":{"line":29,"column":6},"end":{"line":29,"column":30}},{"start":{"line":29,"column":34},"end":{"line":29,"column":44}},{"start":{"line":29,"column":48},"end":{"line":29,"column":78}}],"line":29},"9":{"loc":{"start":{"line":30,"column":4},"end":{"line":38,"column":5}},"type":"switch","locations":[{"start":{"line":31,"column":6},"end":{"line":31,"column":81}},{"start":{"line":32,"column":6},"end":{"line":32,"column":81}},{"start":{"line":33,"column":6},"end":{"line":33,"column":81}},{"start":{"line":34,"column":6},"end":{"line":34,"column":81}},{"start":{"line":35,"column":6},"end":{"line":35,"column":81}},{"start":{"line":36,"column":6},"end":{"line":36,"column":81}},{"start":{"line":37,"column":6},"end":{"line":37,"column":82}}],"line":30}},"s":{"0":2,"1":1,"2":1,"3":0,"4":0,"5":0,"6":0,"7":0,"8":0,"9":0,"10":0,"11":0,"12":0,"13":0,"14":0,"15":0,"16":0,"17":0,"18":0,"19":0,"20":0,"21":0,"22":0},"f":{"0":1},"b":{"0":[1,0],"1":[0,0],"2":[0,0],"3":[0,0],"4":[0,0],"5":[0,0,0],"6":[0,0],"7":[0,0],"8":[0,0,0],"9":[0,0,0,0,0,0,0]},"_coverageSchema":"43e27e138ebf9cfc5966b082cf9a028302ed4184","hash":"cb0517c5d4a40a99df23ef4284545d312a360bf4"}
,"C:\\Software Dev\\Web Apps\\Bomdisoft\\Apps\\ERR\\renderers\\imageOutput\\index.jsx": {"path":"C:\\Software Dev\\Web Apps\\Bomdisoft\\Apps\\ERR\\renderers\\imageOutput\\index.jsx","statementMap":{"0":{"start":{"line":18,"column":24},"end":{"line":18,"column":55}},"1":{"start":{"line":20,"column":20},"end":{"line":50,"column":1}},"2":{"start":{"line":21,"column":2},"end":{"line":21,"column":55}},"3":{"start":{"line":21,"column":45},"end":{"line":21,"column":55}},"4":{"start":{"line":22,"column":2},"end":{"line":22,"column":54}},"5":{"start":{"line":22,"column":43},"end":{"line":22,"column":54}},"6":{"start":{"line":24,"column":2},"end":{"line":26,"column":5}},"7":{"start":{"line":25,"column":4},"end":{"line":25,"column":95}},"8":{"start":{"line":25,"column":71},"end":{"line":25,"column":95}},"9":{"start":{"line":28,"column":21},"end":{"line":32,"column":3}},"10":{"start":{"line":33,"column":22},"end":{"line":38,"column":3}},"11":{"start":{"line":39,"column":26},"end":{"line":42,"column":3}},"12":{"start":{"line":44,"column":2},"end":{"line":49,"column":4}}},"fnMap":{"0":{"name":"(anonymous_0)","decl":{"start":{"line":20,"column":20},"end":{"line":20,"column":21}},"loc":{"start":{"line":20,"column":41},"end":{"line":50,"column":1}},"line":20},"1":{"name":"(anonymous_1)","decl":{"start":{"line":24,"column":26},"end":{"line":24,"column":27}},"loc":{"start":{"line":24,"column":41},"end":{"line":26,"column":3}},"line":24}},"branchMap":{"0":{"loc":{"start":{"line":21,"column":2},"end":{"line":21,"column":55}},"type":"if","locations":[{"start":{"line":21,"column":2},"end":{"line":21,"column":55}},{"start":{"line":21,"column":2},"end":{"line":21,"column":55}}],"line":21},"1":{"loc":{"start":{"line":21,"column":6},"end":{"line":21,"column":43}},"type":"binary-expr","locations":[{"start":{"line":21,"column":6},"end":{"line":21,"column":11}},{"start":{"line":21,"column":15},"end":{"line":21,"column":25}},{"start":{"line":21,"column":29},"end":{"line":21,"column":43}}],"line":21},"2":{"loc":{"start":{"line":22,"column":2},"end":{"line":22,"column":54}},"type":"if","locations":[{"start":{"line":22,"column":2},"end":{"line":22,"column":54}},{"start":{"line":22,"column":2},"end":{"line":22,"column":54}}],"line":22},"3":{"loc":{"start":{"line":22,"column":6},"end":{"line":22,"column":41}},"type":"binary-expr","locations":[{"start":{"line":22,"column":6},"end":{"line":22,"column":12}},{"start":{"line":22,"column":16},"end":{"line":22,"column":41}}],"line":22},"4":{"loc":{"start":{"line":25,"column":4},"end":{"line":25,"column":95}},"type":"if","locations":[{"start":{"line":25,"column":4},"end":{"line":25,"column":95}},{"start":{"line":25,"column":4},"end":{"line":25,"column":95}}],"line":25},"5":{"loc":{"start":{"line":25,"column":8},"end":{"line":25,"column":69}},"type":"binary-expr","locations":[{"start":{"line":25,"column":8},"end":{"line":25,"column":27}},{"start":{"line":25,"column":31},"end":{"line":25,"column":69}}],"line":25},"6":{"loc":{"start":{"line":30,"column":11},"end":{"line":30,"column":39}},"type":"cond-expr","locations":[{"start":{"line":30,"column":28},"end":{"line":30,"column":34}},{"start":{"line":30,"column":37},"end":{"line":30,"column":39}}],"line":30},"7":{"loc":{"start":{"line":35,"column":12},"end":{"line":35,"column":55}},"type":"cond-expr","locations":[{"start":{"line":35,"column":30},"end":{"line":35,"column":46}},{"start":{"line":35,"column":49},"end":{"line":35,"column":55}}],"line":35},"8":{"loc":{"start":{"line":46,"column":39},"end":{"line":46,"column":57}},"type":"binary-expr","locations":[{"start":{"line":46,"column":39},"end":{"line":46,"column":51}},{"start":{"line":46,"column":55},"end":{"line":46,"column":57}}],"line":46},"9":{"loc":{"start":{"line":47,"column":8},"end":{"line":47,"column":108}},"type":"binary-expr","locations":[{"start":{"line":47,"column":8},"end":{"line":47,"column":20}},{"start":{"line":47,"column":24},"end":{"line":47,"column":108}}],"line":47}},"s":{"0":2,"1":2,"2":1,"3":1,"4":0,"5":0,"6":0,"7":0,"8":0,"9":0,"10":0,"11":0,"12":0},"f":{"0":1,"1":0},"b":{"0":[1,0],"1":[1,0,0],"2":[0,0],"3":[0,0],"4":[0,0],"5":[0,0],"6":[0,0],"7":[0,0],"8":[0,0],"9":[0,0]},"_coverageSchema":"43e27e138ebf9cfc5966b082cf9a028302ed4184","hash":"de440e32bc9793457ec73827cb3a94237e4e6009"}
,"C:\\Software Dev\\Web Apps\\Bomdisoft\\Apps\\ERR\\renderers\\listOutput\\index.jsx": {"path":"C:\\Software Dev\\Web Apps\\Bomdisoft\\Apps\\ERR\\renderers\\listOutput\\index.jsx","statementMap":{"0":{"start":{"line":18,"column":24},"end":{"line":18,"column":48}},"1":{"start":{"line":20,"column":19},"end":{"line":37,"column":1}},"2":{"start":{"line":21,"column":2},"end":{"line":21,"column":23}},"3":{"start":{"line":21,"column":13},"end":{"line":21,"column":23}},"4":{"start":{"line":22,"column":2},"end":{"line":22,"column":54}},"5":{"start":{"line":22,"column":43},"end":{"line":22,"column":54}},"6":{"start":{"line":24,"column":20},"end":{"line":24,"column":52}},"7":{"start":{"line":25,"column":16},"end":{"line":25,"column":18}},"8":{"start":{"line":25,"column":31},"end":{"line":25,"column":42}},"9":{"start":{"line":27,"column":2},"end":{"line":31,"column":3}},"10":{"start":{"line":27,"column":32},"end":{"line":27,"column":51}},"11":{"start":{"line":28,"column":7},"end":{"line":31,"column":3}},"12":{"start":{"line":29,"column":4},"end":{"line":29,"column":141}},"13":{"start":{"line":29,"column":49},"end":{"line":29,"column":141}},"14":{"start":{"line":29,"column":91},"end":{"line":29,"column":139}},"15":{"start":{"line":30,"column":4},"end":{"line":30,"column":82}},"16":{"start":{"line":30,"column":60},"end":{"line":30,"column":82}},"17":{"start":{"line":33,"column":2},"end":{"line":33,"column":37}},"18":{"start":{"line":33,"column":27},"end":{"line":33,"column":37}},"19":{"start":{"line":34,"column":2},"end":{"line":34,"column":78}},"20":{"start":{"line":34,"column":30},"end":{"line":34,"column":78}},"21":{"start":{"line":36,"column":2},"end":{"line":36,"column":50}}},"fnMap":{"0":{"name":"(anonymous_0)","decl":{"start":{"line":20,"column":19},"end":{"line":20,"column":20}},"loc":{"start":{"line":20,"column":40},"end":{"line":37,"column":1}},"line":20},"1":{"name":"(anonymous_1)","decl":{"start":{"line":29,"column":74},"end":{"line":29,"column":75}},"loc":{"start":{"line":29,"column":91},"end":{"line":29,"column":139}},"line":29}},"branchMap":{"0":{"loc":{"start":{"line":21,"column":2},"end":{"line":21,"column":23}},"type":"if","locations":[{"start":{"line":21,"column":2},"end":{"line":21,"column":23}},{"start":{"line":21,"column":2},"end":{"line":21,"column":23}}],"line":21},"1":{"loc":{"start":{"line":22,"column":2},"end":{"line":22,"column":54}},"type":"if","locations":[{"start":{"line":22,"column":2},"end":{"line":22,"column":54}},{"start":{"line":22,"column":2},"end":{"line":22,"column":54}}],"line":22},"2":{"loc":{"start":{"line":22,"column":6},"end":{"line":22,"column":41}},"type":"binary-expr","locations":[{"start":{"line":22,"column":6},"end":{"line":22,"column":12}},{"start":{"line":22,"column":16},"end":{"line":22,"column":41}}],"line":22},"3":{"loc":{"start":{"line":27,"column":2},"end":{"line":31,"column":3}},"type":"if","locations":[{"start":{"line":27,"column":2},"end":{"line":31,"column":3}},{"start":{"line":27,"column":2},"end":{"line":31,"column":3}}],"line":27},"4":{"loc":{"start":{"line":28,"column":7},"end":{"line":31,"column":3}},"type":"if","locations":[{"start":{"line":28,"column":7},"end":{"line":31,"column":3}},{"start":{"line":28,"column":7},"end":{"line":31,"column":3}}],"line":28},"5":{"loc":{"start":{"line":29,"column":4},"end":{"line":29,"column":141}},"type":"if","locations":[{"start":{"line":29,"column":4},"end":{"line":29,"column":141}},{"start":{"line":29,"column":4},"end":{"line":29,"column":141}}],"line":29},"6":{"loc":{"start":{"line":29,"column":8},"end":{"line":29,"column":47}},"type":"binary-expr","locations":[{"start":{"line":29,"column":8},"end":{"line":29,"column":18}},{"start":{"line":29,"column":22},"end":{"line":29,"column":47}}],"line":29},"7":{"loc":{"start":{"line":30,"column":4},"end":{"line":30,"column":82}},"type":"if","locations":[{"start":{"line":30,"column":4},"end":{"line":30,"column":82}},{"start":{"line":30,"column":4},"end":{"line":30,"column":82}}],"line":30},"8":{"loc":{"start":{"line":30,"column":8},"end":{"line":30,"column":58}},"type":"binary-expr","locations":[{"start":{"line":30,"column":8},"end":{"line":30,"column":18}},{"start":{"line":30,"column":22},"end":{"line":30,"column":58}}],"line":30},"9":{"loc":{"start":{"line":33,"column":2},"end":{"line":33,"column":37}},"type":"if","locations":[{"start":{"line":33,"column":2},"end":{"line":33,"column":37}},{"start":{"line":33,"column":2},"end":{"line":33,"column":37}}],"line":33},"10":{"loc":{"start":{"line":34,"column":2},"end":{"line":34,"column":78}},"type":"if","locations":[{"start":{"line":34,"column":2},"end":{"line":34,"column":78}},{"start":{"line":34,"column":2},"end":{"line":34,"column":78}}],"line":34}},"s":{"0":2,"1":2,"2":1,"3":1,"4":0,"5":0,"6":0,"7":0,"8":0,"9":0,"10":0,"11":0,"12":0,"13":0,"14":0,"15":0,"16":0,"17":0,"18":0,"19":0,"20":0,"21":0},"f":{"0":1,"1":0},"b":{"0":[1,0],"1":[0,0],"2":[0,0],"3":[0,0],"4":[0,0],"5":[0,0],"6":[0,0],"7":[0,0],"8":[0,0],"9":[0,0],"10":[0,0]},"_coverageSchema":"43e27e138ebf9cfc5966b082cf9a028302ed4184","hash":"50dc76cf69fa1deb125a7a23bd06e700bd5209a5"}
,"C:\\Software Dev\\Web Apps\\Bomdisoft\\Apps\\ERR\\renderers\\paragraphOutput\\index.jsx": {"path":"C:\\Software Dev\\Web Apps\\Bomdisoft\\Apps\\ERR\\renderers\\paragraphOutput\\index.jsx","statementMap":{"0":{"start":{"line":18,"column":24},"end":{"line":29,"column":1}},"1":{"start":{"line":19,"column":2},"end":{"line":19,"column":23}},"2":{"start":{"line":19,"column":13},"end":{"line":19,"column":23}},"3":{"start":{"line":20,"column":2},"end":{"line":20,"column":54}},"4":{"start":{"line":20,"column":43},"end":{"line":20,"column":54}},"5":{"start":{"line":22,"column":25},"end":{"line":22,"column":62}},"6":{"start":{"line":23,"column":16},"end":{"line":23,"column":20}},"7":{"start":{"line":25,"column":2},"end":{"line":26,"column":103}},"8":{"start":{"line":25,"column":32},"end":{"line":25,"column":47}},"9":{"start":{"line":26,"column":7},"end":{"line":26,"column":103}},"10":{"start":{"line":26,"column":83},"end":{"line":26,"column":103}},"11":{"start":{"line":28,"column":2},"end":{"line":28,"column":85}}},"fnMap":{"0":{"name":"(anonymous_0)","decl":{"start":{"line":18,"column":24},"end":{"line":18,"column":25}},"loc":{"start":{"line":18,"column":45},"end":{"line":29,"column":1}},"line":18}},"branchMap":{"0":{"loc":{"start":{"line":19,"column":2},"end":{"line":19,"column":23}},"type":"if","locations":[{"start":{"line":19,"column":2},"end":{"line":19,"column":23}},{"start":{"line":19,"column":2},"end":{"line":19,"column":23}}],"line":19},"1":{"loc":{"start":{"line":20,"column":2},"end":{"line":20,"column":54}},"type":"if","locations":[{"start":{"line":20,"column":2},"end":{"line":20,"column":54}},{"start":{"line":20,"column":2},"end":{"line":20,"column":54}}],"line":20},"2":{"loc":{"start":{"line":20,"column":6},"end":{"line":20,"column":41}},"type":"binary-expr","locations":[{"start":{"line":20,"column":6},"end":{"line":20,"column":12}},{"start":{"line":20,"column":16},"end":{"line":20,"column":41}}],"line":20},"3":{"loc":{"start":{"line":25,"column":2},"end":{"line":26,"column":103}},"type":"if","locations":[{"start":{"line":25,"column":2},"end":{"line":26,"column":103}},{"start":{"line":25,"column":2},"end":{"line":26,"column":103}}],"line":25},"4":{"loc":{"start":{"line":26,"column":7},"end":{"line":26,"column":103}},"type":"if","locations":[{"start":{"line":26,"column":7},"end":{"line":26,"column":103}},{"start":{"line":26,"column":7},"end":{"line":26,"column":103}}],"line":26},"5":{"loc":{"start":{"line":26,"column":11},"end":{"line":26,"column":81}},"type":"binary-expr","locations":[{"start":{"line":26,"column":11},"end":{"line":26,"column":35}},{"start":{"line":26,"column":39},"end":{"line":26,"column":48}},{"start":{"line":26,"column":52},"end":{"line":26,"column":81}}],"line":26},"6":{"loc":{"start":{"line":28,"column":9},"end":{"line":28,"column":84}},"type":"cond-expr","locations":[{"start":{"line":28,"column":19},"end":{"line":28,"column":79}},{"start":{"line":28,"column":82},"end":{"line":28,"column":84}}],"line":28}},"s":{"0":2,"1":1,"2":1,"3":0,"4":0,"5":0,"6":0,"7":0,"8":0,"9":0,"10":0,"11":0},"f":{"0":1},"b":{"0":[1,0],"1":[0,0],"2":[0,0],"3":[0,0],"4":[0,0],"5":[0,0,0],"6":[0,0]},"_coverageSchema":"43e27e138ebf9cfc5966b082cf9a028302ed4184","hash":"bae9bfecbd2eb1ebc68e36d2e76af158a355aa9f"}
,"C:\\Software Dev\\Web Apps\\Bomdisoft\\Apps\\ERR\\renderers\\quoteOutput\\index.jsx": {"path":"C:\\Software Dev\\Web Apps\\Bomdisoft\\Apps\\ERR\\renderers\\quoteOutput\\index.jsx","statementMap":{"0":{"start":{"line":18,"column":24},"end":{"line":18,"column":69}},"1":{"start":{"line":20,"column":20},"end":{"line":40,"column":1}},"2":{"start":{"line":21,"column":2},"end":{"line":21,"column":23}},"3":{"start":{"line":21,"column":13},"end":{"line":21,"column":23}},"4":{"start":{"line":22,"column":2},"end":{"line":22,"column":54}},"5":{"start":{"line":22,"column":43},"end":{"line":22,"column":54}},"6":{"start":{"line":24,"column":2},"end":{"line":26,"column":5}},"7":{"start":{"line":25,"column":4},"end":{"line":25,"column":95}},"8":{"start":{"line":25,"column":71},"end":{"line":25,"column":95}},"9":{"start":{"line":28,"column":16},"end":{"line":28,"column":20}},"10":{"start":{"line":29,"column":16},"end":{"line":29,"column":25}},"11":{"start":{"line":31,"column":2},"end":{"line":36,"column":3}},"12":{"start":{"line":31,"column":32},"end":{"line":31,"column":47}},"13":{"start":{"line":32,"column":7},"end":{"line":36,"column":3}},"14":{"start":{"line":33,"column":4},"end":{"line":33,"column":24}},"15":{"start":{"line":34,"column":4},"end":{"line":34,"column":81}},"16":{"start":{"line":34,"column":58},"end":{"line":34,"column":81}},"17":{"start":{"line":35,"column":4},"end":{"line":35,"column":95}},"18":{"start":{"line":35,"column":62},"end":{"line":35,"column":95}},"19":{"start":{"line":38,"column":2},"end":{"line":38,"column":26}},"20":{"start":{"line":38,"column":16},"end":{"line":38,"column":26}},"21":{"start":{"line":39,"column":2},"end":{"line":39,"column":108}}},"fnMap":{"0":{"name":"(anonymous_0)","decl":{"start":{"line":20,"column":20},"end":{"line":20,"column":21}},"loc":{"start":{"line":20,"column":41},"end":{"line":40,"column":1}},"line":20},"1":{"name":"(anonymous_1)","decl":{"start":{"line":24,"column":26},"end":{"line":24,"column":27}},"loc":{"start":{"line":24,"column":41},"end":{"line":26,"column":3}},"line":24}},"branchMap":{"0":{"loc":{"start":{"line":21,"column":2},"end":{"line":21,"column":23}},"type":"if","locations":[{"start":{"line":21,"column":2},"end":{"line":21,"column":23}},{"start":{"line":21,"column":2},"end":{"line":21,"column":23}}],"line":21},"1":{"loc":{"start":{"line":22,"column":2},"end":{"line":22,"column":54}},"type":"if","locations":[{"start":{"line":22,"column":2},"end":{"line":22,"column":54}},{"start":{"line":22,"column":2},"end":{"line":22,"column":54}}],"line":22},"2":{"loc":{"start":{"line":22,"column":6},"end":{"line":22,"column":41}},"type":"binary-expr","locations":[{"start":{"line":22,"column":6},"end":{"line":22,"column":12}},{"start":{"line":22,"column":16},"end":{"line":22,"column":41}}],"line":22},"3":{"loc":{"start":{"line":25,"column":4},"end":{"line":25,"column":95}},"type":"if","locations":[{"start":{"line":25,"column":4},"end":{"line":25,"column":95}},{"start":{"line":25,"column":4},"end":{"line":25,"column":95}}],"line":25},"4":{"loc":{"start":{"line":25,"column":8},"end":{"line":25,"column":69}},"type":"binary-expr","locations":[{"start":{"line":25,"column":8},"end":{"line":25,"column":27}},{"start":{"line":25,"column":31},"end":{"line":25,"column":69}}],"line":25},"5":{"loc":{"start":{"line":31,"column":2},"end":{"line":36,"column":3}},"type":"if","locations":[{"start":{"line":31,"column":2},"end":{"line":36,"column":3}},{"start":{"line":31,"column":2},"end":{"line":36,"column":3}}],"line":31},"6":{"loc":{"start":{"line":32,"column":7},"end":{"line":36,"column":3}},"type":"if","locations":[{"start":{"line":32,"column":7},"end":{"line":36,"column":3}},{"start":{"line":32,"column":7},"end":{"line":36,"column":3}}],"line":32},"7":{"loc":{"start":{"line":32,"column":11},"end":{"line":32,"column":81}},"type":"binary-expr","locations":[{"start":{"line":32,"column":11},"end":{"line":32,"column":35}},{"start":{"line":32,"column":39},"end":{"line":32,"column":48}},{"start":{"line":32,"column":52},"end":{"line":32,"column":81}}],"line":32},"8":{"loc":{"start":{"line":34,"column":4},"end":{"line":34,"column":81}},"type":"if","locations":[{"start":{"line":34,"column":4},"end":{"line":34,"column":81}},{"start":{"line":34,"column":4},"end":{"line":34,"column":81}}],"line":34},"9":{"loc":{"start":{"line":34,"column":8},"end":{"line":34,"column":56}},"type":"binary-expr","locations":[{"start":{"line":34,"column":8},"end":{"line":34,"column":20}},{"start":{"line":34,"column":24},"end":{"line":34,"column":56}}],"line":34},"10":{"loc":{"start":{"line":35,"column":4},"end":{"line":35,"column":95}},"type":"if","locations":[{"start":{"line":35,"column":4},"end":{"line":35,"column":95}},{"start":{"line":35,"column":4},"end":{"line":35,"column":95}}],"line":35},"11":{"loc":{"start":{"line":35,"column":8},"end":{"line":35,"column":60}},"type":"binary-expr","locations":[{"start":{"line":35,"column":8},"end":{"line":35,"column":22}},{"start":{"line":35,"column":26},"end":{"line":35,"column":60}}],"line":35},"12":{"loc":{"start":{"line":38,"column":2},"end":{"line":38,"column":26}},"type":"if","locations":[{"start":{"line":38,"column":2},"end":{"line":38,"column":26}},{"start":{"line":38,"column":2},"end":{"line":38,"column":26}}],"line":38}},"s":{"0":2,"1":2,"2":1,"3":1,"4":0,"5":0,"6":0,"7":0,"8":0,"9":0,"10":0,"11":0,"12":0,"13":0,"14":0,"15":0,"16":0,"17":0,"18":0,"19":0,"20":0,"21":0},"f":{"0":1,"1":0},"b":{"0":[1,0],"1":[0,0],"2":[0,0],"3":[0,0],"4":[0,0],"5":[0,0],"6":[0,0],"7":[0,0,0],"8":[0,0],"9":[0,0],"10":[0,0],"11":[0,0],"12":[0,0]},"_coverageSchema":"43e27e138ebf9cfc5966b082cf9a028302ed4184","hash":"46ebe457bb15fe5c41716c9f42338b9bdfcbab3d"}
,"C:\\Software Dev\\Web Apps\\Bomdisoft\\Apps\\ERR\\renderers\\quoteOutput\\quote\\index.jsx": {"path":"C:\\Software Dev\\Web Apps\\Bomdisoft\\Apps\\ERR\\renderers\\quoteOutput\\quote\\index.jsx","statementMap":{"0":{"start":{"line":16,"column":14},"end":{"line":23,"column":1}},"1":{"start":{"line":17,"column":2},"end":{"line":22,"column":8}},"2":{"start":{"line":25,"column":0},"end":{"line":34,"column":2}},"3":{"start":{"line":36,"column":0},"end":{"line":38,"column":2}}},"fnMap":{"0":{"name":"(anonymous_0)","decl":{"start":{"line":16,"column":14},"end":{"line":16,"column":15}},"loc":{"start":{"line":17,"column":2},"end":{"line":22,"column":8}},"line":17}},"branchMap":{},"s":{"0":2,"1":0,"2":2,"3":2},"f":{"0":0},"b":{},"_coverageSchema":"43e27e138ebf9cfc5966b082cf9a028302ed4184","hash":"be6ac2c749b178a3c51a0be7419ab6dc8315ef7e"}
,"C:\\Software Dev\\Web Apps\\Bomdisoft\\Apps\\ERR\\renderers\\tableOutput\\index.jsx": {"path":"C:\\Software Dev\\Web Apps\\Bomdisoft\\Apps\\ERR\\renderers\\tableOutput\\index.jsx","statementMap":{"0":{"start":{"line":18,"column":24},"end":{"line":18,"column":51}},"1":{"start":{"line":20,"column":20},"end":{"line":50,"column":1}},"2":{"start":{"line":21,"column":2},"end":{"line":21,"column":23}},"3":{"start":{"line":21,"column":13},"end":{"line":21,"column":23}},"4":{"start":{"line":22,"column":2},"end":{"line":22,"column":54}},"5":{"start":{"line":22,"column":43},"end":{"line":22,"column":54}},"6":{"start":{"line":24,"column":2},"end":{"line":26,"column":5}},"7":{"start":{"line":25,"column":4},"end":{"line":25,"column":95}},"8":{"start":{"line":25,"column":71},"end":{"line":25,"column":95}},"9":{"start":{"line":28,"column":16},"end":{"line":28,"column":34}},"10":{"start":{"line":29,"column":2},"end":{"line":29,"column":63}},"11":{"start":{"line":29,"column":53},"end":{"line":29,"column":63}},"12":{"start":{"line":31,"column":22},"end":{"line":31,"column":37}},"13":{"start":{"line":33,"column":2},"end":{"line":49,"column":11}},"14":{"start":{"line":35,"column":66},"end":{"line":35,"column":154}},"15":{"start":{"line":40,"column":10},"end":{"line":45,"column":15}},"16":{"start":{"line":43,"column":37},"end":{"line":43,"column":126}}},"fnMap":{"0":{"name":"(anonymous_0)","decl":{"start":{"line":20,"column":20},"end":{"line":20,"column":21}},"loc":{"start":{"line":20,"column":41},"end":{"line":50,"column":1}},"line":20},"1":{"name":"(anonymous_1)","decl":{"start":{"line":24,"column":26},"end":{"line":24,"column":27}},"loc":{"start":{"line":24,"column":41},"end":{"line":26,"column":3}},"line":24},"2":{"name":"(anonymous_2)","decl":{"start":{"line":35,"column":52},"end":{"line":35,"column":53}},"loc":{"start":{"line":35,"column":66},"end":{"line":35,"column":154}},"line":35},"3":{"name":"(anonymous_3)","decl":{"start":{"line":39,"column":20},"end":{"line":39,"column":21}},"loc":{"start":{"line":40,"column":10},"end":{"line":45,"column":15}},"line":40},"4":{"name":"(anonymous_4)","decl":{"start":{"line":43,"column":22},"end":{"line":43,"column":23}},"loc":{"start":{"line":43,"column":37},"end":{"line":43,"column":126}},"line":43}},"branchMap":{"0":{"loc":{"start":{"line":21,"column":2},"end":{"line":21,"column":23}},"type":"if","locations":[{"start":{"line":21,"column":2},"end":{"line":21,"column":23}},{"start":{"line":21,"column":2},"end":{"line":21,"column":23}}],"line":21},"1":{"loc":{"start":{"line":22,"column":2},"end":{"line":22,"column":54}},"type":"if","locations":[{"start":{"line":22,"column":2},"end":{"line":22,"column":54}},{"start":{"line":22,"column":2},"end":{"line":22,"column":54}}],"line":22},"2":{"loc":{"start":{"line":22,"column":6},"end":{"line":22,"column":41}},"type":"binary-expr","locations":[{"start":{"line":22,"column":6},"end":{"line":22,"column":12}},{"start":{"line":22,"column":16},"end":{"line":22,"column":41}}],"line":22},"3":{"loc":{"start":{"line":25,"column":4},"end":{"line":25,"column":95}},"type":"if","locations":[{"start":{"line":25,"column":4},"end":{"line":25,"column":95}},{"start":{"line":25,"column":4},"end":{"line":25,"column":95}}],"line":25},"4":{"loc":{"start":{"line":25,"column":8},"end":{"line":25,"column":69}},"type":"binary-expr","locations":[{"start":{"line":25,"column":8},"end":{"line":25,"column":27}},{"start":{"line":25,"column":31},"end":{"line":25,"column":69}}],"line":25},"5":{"loc":{"start":{"line":28,"column":16},"end":{"line":28,"column":34}},"type":"binary-expr","locations":[{"start":{"line":28,"column":16},"end":{"line":28,"column":28}},{"start":{"line":28,"column":32},"end":{"line":28,"column":34}}],"line":28},"6":{"loc":{"start":{"line":29,"column":2},"end":{"line":29,"column":63}},"type":"if","locations":[{"start":{"line":29,"column":2},"end":{"line":29,"column":63}},{"start":{"line":29,"column":2},"end":{"line":29,"column":63}}],"line":29},"7":{"loc":{"start":{"line":29,"column":6},"end":{"line":29,"column":51}},"type":"binary-expr","locations":[{"start":{"line":29,"column":6},"end":{"line":29,"column":29}},{"start":{"line":29,"column":33},"end":{"line":29,"column":51}}],"line":29},"8":{"loc":{"start":{"line":40,"column":40},"end":{"line":40,"column":77}},"type":"cond-expr","locations":[{"start":{"line":40,"column":58},"end":{"line":40,"column":65}},{"start":{"line":40,"column":68},"end":{"line":40,"column":77}}],"line":40},"9":{"loc":{"start":{"line":42,"column":14},"end":{"line":43,"column":127}},"type":"binary-expr","locations":[{"start":{"line":42,"column":14},"end":{"line":42,"column":32}},{"start":{"line":42,"column":36},"end":{"line":42,"column":50}},{"start":{"line":43,"column":14},"end":{"line":43,"column":127}}],"line":42}},"s":{"0":2,"1":2,"2":1,"3":1,"4":0,"5":0,"6":0,"7":0,"8":0,"9":0,"10":0,"11":0,"12":0,"13":0,"14":0,"15":0,"16":0},"f":{"0":1,"1":0,"2":0,"3":0,"4":0},"b":{"0":[1,0],"1":[0,0],"2":[0,0],"3":[0,0],"4":[0,0],"5":[0,0],"6":[0,0],"7":[0,0],"8":[0,0],"9":[0,0,0]},"_coverageSchema":"43e27e138ebf9cfc5966b082cf9a028302ed4184","hash":"c81ed620c4ed5ed2ae2f0d012218409f22988298"}
,"C:\\Software Dev\\Web Apps\\Bomdisoft\\Apps\\ERR\\renderers\\warningOutput\\index.jsx": {"path":"C:\\Software Dev\\Web Apps\\Bomdisoft\\Apps\\ERR\\renderers\\warningOutput\\index.jsx","statementMap":{"0":{"start":{"line":18,"column":22},"end":{"line":32,"column":1}},"1":{"start":{"line":19,"column":2},"end":{"line":19,"column":23}},"2":{"start":{"line":19,"column":13},"end":{"line":19,"column":23}},"3":{"start":{"line":20,"column":2},"end":{"line":20,"column":54}},"4":{"start":{"line":20,"column":43},"end":{"line":20,"column":54}},"5":{"start":{"line":22,"column":16},"end":{"line":22,"column":20}},"6":{"start":{"line":22,"column":30},"end":{"line":22,"column":39}},"7":{"start":{"line":24,"column":2},"end":{"line":28,"column":3}},"8":{"start":{"line":24,"column":32},"end":{"line":24,"column":47}},"9":{"start":{"line":25,"column":7},"end":{"line":28,"column":3}},"10":{"start":{"line":26,"column":4},"end":{"line":26,"column":81}},"11":{"start":{"line":26,"column":58},"end":{"line":26,"column":81}},"12":{"start":{"line":27,"column":4},"end":{"line":27,"column":73}},"13":{"start":{"line":27,"column":54},"end":{"line":27,"column":73}},"14":{"start":{"line":30,"column":2},"end":{"line":30,"column":26}},"15":{"start":{"line":30,"column":16},"end":{"line":30,"column":26}},"16":{"start":{"line":31,"column":2},"end":{"line":31,"column":113}}},"fnMap":{"0":{"name":"(anonymous_0)","decl":{"start":{"line":18,"column":22},"end":{"line":18,"column":23}},"loc":{"start":{"line":18,"column":43},"end":{"line":32,"column":1}},"line":18}},"branchMap":{"0":{"loc":{"start":{"line":19,"column":2},"end":{"line":19,"column":23}},"type":"if","locations":[{"start":{"line":19,"column":2},"end":{"line":19,"column":23}},{"start":{"line":19,"column":2},"end":{"line":19,"column":23}}],"line":19},"1":{"loc":{"start":{"line":20,"column":2},"end":{"line":20,"column":54}},"type":"if","locations":[{"start":{"line":20,"column":2},"end":{"line":20,"column":54}},{"start":{"line":20,"column":2},"end":{"line":20,"column":54}}],"line":20},"2":{"loc":{"start":{"line":20,"column":6},"end":{"line":20,"column":41}},"type":"binary-expr","locations":[{"start":{"line":20,"column":6},"end":{"line":20,"column":12}},{"start":{"line":20,"column":16},"end":{"line":20,"column":41}}],"line":20},"3":{"loc":{"start":{"line":24,"column":2},"end":{"line":28,"column":3}},"type":"if","locations":[{"start":{"line":24,"column":2},"end":{"line":28,"column":3}},{"start":{"line":24,"column":2},"end":{"line":28,"column":3}}],"line":24},"4":{"loc":{"start":{"line":25,"column":7},"end":{"line":28,"column":3}},"type":"if","locations":[{"start":{"line":25,"column":7},"end":{"line":28,"column":3}},{"start":{"line":25,"column":7},"end":{"line":28,"column":3}}],"line":25},"5":{"loc":{"start":{"line":26,"column":4},"end":{"line":26,"column":81}},"type":"if","locations":[{"start":{"line":26,"column":4},"end":{"line":26,"column":81}},{"start":{"line":26,"column":4},"end":{"line":26,"column":81}}],"line":26},"6":{"loc":{"start":{"line":26,"column":8},"end":{"line":26,"column":56}},"type":"binary-expr","locations":[{"start":{"line":26,"column":8},"end":{"line":26,"column":20}},{"start":{"line":26,"column":24},"end":{"line":26,"column":56}}],"line":26},"7":{"loc":{"start":{"line":27,"column":4},"end":{"line":27,"column":73}},"type":"if","locations":[{"start":{"line":27,"column":4},"end":{"line":27,"column":73}},{"start":{"line":27,"column":4},"end":{"line":27,"column":73}}],"line":27},"8":{"loc":{"start":{"line":27,"column":8},"end":{"line":27,"column":52}},"type":"binary-expr","locations":[{"start":{"line":27,"column":8},"end":{"line":27,"column":18}},{"start":{"line":27,"column":22},"end":{"line":27,"column":52}}],"line":27},"9":{"loc":{"start":{"line":30,"column":2},"end":{"line":30,"column":26}},"type":"if","locations":[{"start":{"line":30,"column":2},"end":{"line":30,"column":26}},{"start":{"line":30,"column":2},"end":{"line":30,"column":26}}],"line":30}},"s":{"0":2,"1":1,"2":1,"3":0,"4":0,"5":0,"6":0,"7":0,"8":0,"9":0,"10":0,"11":0,"12":0,"13":0,"14":0,"15":0,"16":0},"f":{"0":1},"b":{"0":[1,0],"1":[0,0],"2":[0,0],"3":[0,0],"4":[0,0],"5":[0,0],"6":[0,0],"7":[0,0],"8":[0,0],"9":[0,0]},"_coverageSchema":"43e27e138ebf9cfc5966b082cf9a028302ed4184","hash":"a0d206b47589681e11d58a9ff8af2ec51aafe73c"}
,"C:\\Software Dev\\Web Apps\\Bomdisoft\\Apps\\ERR\\renderers\\warningOutput\\warning\\index.jsx": {"path":"C:\\Software Dev\\Web Apps\\Bomdisoft\\Apps\\ERR\\renderers\\warningOutput\\warning\\index.jsx","statementMap":{"0":{"start":{"line":16,"column":16},"end":{"line":29,"column":1}},"1":{"start":{"line":17,"column":2},"end":{"line":28,"column":8}},"2":{"start":{"line":31,"column":0},"end":{"line":34,"column":2}},"3":{"start":{"line":36,"column":0},"end":{"line":38,"column":2}}},"fnMap":{"0":{"name":"(anonymous_0)","decl":{"start":{"line":16,"column":16},"end":{"line":16,"column":17}},"loc":{"start":{"line":17,"column":2},"end":{"line":28,"column":8}},"line":17}},"branchMap":{},"s":{"0":3,"1":1,"2":3,"3":3},"f":{"0":1},"b":{},"_coverageSchema":"43e27e138ebf9cfc5966b082cf9a028302ed4184","hash":"81be0154ff4ae500336bc57a066be65a454fe102"}
}
